{
  "level": "error",
  "message": "Error minting certificate on server:",
  "service": "degenlingo",
  "stack": "Error: \n    at claimSubscriptionNft (/home/kitsunekode/Projects/degenlingo/.next/server/chunks/ssr/[root-of-the-server]__c77d379e._.js:1464:15)\n    at process.processTicksAndRejections (node:internal/process/task_queues:105:5)\n    at async /home/kitsunekode/Projects/degenlingo/node_modules/next/dist/compiled/next-server/app-page-turbo.runtime.dev.js:417:2449\n    at async handleAction (/home/kitsunekode/Projects/degenlingo/node_modules/next/dist/compiled/next-server/app-page-turbo.runtime.dev.js:416:21371)\n    at async renderToHTMLOrFlightImpl (/home/kitsunekode/Projects/degenlingo/node_modules/next/dist/compiled/next-server/app-page-turbo.runtime.dev.js:422:27153)\n    at async doRender (/home/kitsunekode/Projects/degenlingo/node_modules/next/dist/server/base-server.js:1650:34)\n    at async DevServer.renderToResponseWithComponentsImpl (/home/kitsunekode/Projects/degenlingo/node_modules/next/dist/server/base-server.js:1915:28)\n    at async DevServer.renderPageComponent (/home/kitsunekode/Projects/degenlingo/node_modules/next/dist/server/base-server.js:2403:24)\n    at async DevServer.renderToResponseImpl (/home/kitsunekode/Projects/degenlingo/node_modules/next/dist/server/base-server.js:2440:32)\n    at async DevServer.pipeImpl (/home/kitsunekode/Projects/degenlingo/node_modules/next/dist/server/base-server.js:1007:25)\n    at async NextNodeServer.handleCatchallRenderRequest (/home/kitsunekode/Projects/degenlingo/node_modules/next/dist/server/next-server.js:305:17)\n    at async DevServer.handleRequestImpl (/home/kitsunekode/Projects/degenlingo/node_modules/next/dist/server/base-server.js:899:17)\n    at async /home/kitsunekode/Projects/degenlingo/node_modules/next/dist/server/dev/next-dev-server.js:371:20\n    at async Span.traceAsyncFn (/home/kitsunekode/Projects/degenlingo/node_modules/next/dist/trace/trace.js:157:20)\n    at async DevServer.handleRequest (/home/kitsunekode/Projects/degenlingo/node_modules/next/dist/server/dev/next-dev-server.js:368:24)\n    at async invokeRender (/home/kitsunekode/Projects/degenlingo/node_modules/next/dist/server/lib/router-server.js:237:21)\n    at async handleRequest (/home/kitsunekode/Projects/degenlingo/node_modules/next/dist/server/lib/router-server.js:428:24)\n    at async requestHandlerImpl (/home/kitsunekode/Projects/degenlingo/node_modules/next/dist/server/lib/router-server.js:452:13)\n    at async Server.requestListener (/home/kitsunekode/Projects/degenlingo/node_modules/next/dist/server/lib/start-server.js:158:13)",
  "timestamp": "2025-06-02 04:09:25"
}
{
  "level": "error",
  "message": "Error minting certificate on server:",
  "service": "degenlingo",
  "stack": "Error: \n    at claimSubscriptionNft (/home/kitsunekode/Projects/degenlingo/.next/server/chunks/ssr/[root-of-the-server]__c77d379e._.js:1464:15)\n    at process.processTicksAndRejections (node:internal/process/task_queues:105:5)\n    at async /home/kitsunekode/Projects/degenlingo/node_modules/next/dist/compiled/next-server/app-page-turbo.runtime.dev.js:417:2449\n    at async handleAction (/home/kitsunekode/Projects/degenlingo/node_modules/next/dist/compiled/next-server/app-page-turbo.runtime.dev.js:416:21371)\n    at async renderToHTMLOrFlightImpl (/home/kitsunekode/Projects/degenlingo/node_modules/next/dist/compiled/next-server/app-page-turbo.runtime.dev.js:422:27153)\n    at async doRender (/home/kitsunekode/Projects/degenlingo/node_modules/next/dist/server/base-server.js:1650:34)\n    at async DevServer.renderToResponseWithComponentsImpl (/home/kitsunekode/Projects/degenlingo/node_modules/next/dist/server/base-server.js:1915:28)\n    at async DevServer.renderPageComponent (/home/kitsunekode/Projects/degenlingo/node_modules/next/dist/server/base-server.js:2403:24)\n    at async DevServer.renderToResponseImpl (/home/kitsunekode/Projects/degenlingo/node_modules/next/dist/server/base-server.js:2440:32)\n    at async DevServer.pipeImpl (/home/kitsunekode/Projects/degenlingo/node_modules/next/dist/server/base-server.js:1007:25)\n    at async NextNodeServer.handleCatchallRenderRequest (/home/kitsunekode/Projects/degenlingo/node_modules/next/dist/server/next-server.js:305:17)\n    at async DevServer.handleRequestImpl (/home/kitsunekode/Projects/degenlingo/node_modules/next/dist/server/base-server.js:899:17)\n    at async /home/kitsunekode/Projects/degenlingo/node_modules/next/dist/server/dev/next-dev-server.js:371:20\n    at async Span.traceAsyncFn (/home/kitsunekode/Projects/degenlingo/node_modules/next/dist/trace/trace.js:157:20)\n    at async DevServer.handleRequest (/home/kitsunekode/Projects/degenlingo/node_modules/next/dist/server/dev/next-dev-server.js:368:24)\n    at async invokeRender (/home/kitsunekode/Projects/degenlingo/node_modules/next/dist/server/lib/router-server.js:237:21)\n    at async handleRequest (/home/kitsunekode/Projects/degenlingo/node_modules/next/dist/server/lib/router-server.js:428:24)\n    at async requestHandlerImpl (/home/kitsunekode/Projects/degenlingo/node_modules/next/dist/server/lib/router-server.js:452:13)\n    at async Server.requestListener (/home/kitsunekode/Projects/degenlingo/node_modules/next/dist/server/lib/start-server.js:158:13)",
  "timestamp": "2025-06-02 04:09:44"
}
{
  "level": "info",
  "link": "https://explorer.solana.com/tx/CBKQKw3Pgbtu6KZJZpWqRET5CaiytEqjsbnAptBmfYjt75m8CFch7QGvTXGLyEH7ZxkvJ8vea82ksVXh2p8dajj",
  "message": "Mint Signature:",
  "mintSignature": "CBKQKw3Pgbtu6KZJZpWqRET5CaiytEqjsbnAptBmfYjt75m8CFch7QGvTXGLyEH7ZxkvJ8vea82ksVXh2p8dajj",
  "result": {
    "context": {
      "slot": 384830007
    },
    "value": {
      "err": null
    }
  },
  "service": "degenlingo",
  "timestamp": "2025-06-02 04:10:19"
}
{
  "assetId": "Dwsh3yFYSEGkcnbXxfmc7WzWVec9xS9YcKpS3aAw25Jk,254",
  "level": "info",
  "message": "Compressed NFT Asset ID:",
  "service": "degenlingo",
  "timestamp": "2025-06-02 04:10:19"
}
